<?xml version="1.0" encoding="UTF-8"?>
<!-- Generated by org.testng.reporters.JUnitXMLReporter -->
<testsuite ignored="0" hostname="DESKTOP-EOVDTGR" failures="1" tests="2" name="Surefire test" time="25.586" errors="0" timestamp="2024-03-16T14:29:48 IST">
  <testcase classname="rahulshettyacademy.Tests.ErrorvalidationTest" name="Loginerrorvalidation" time="0.852">
    <failure type="java.lang.AssertionError" message="expected [Incorrect email  password.] but found [Incorrect email or password.]">
      <![CDATA[java.lang.AssertionError: expected [Incorrect email  password.] but found [Incorrect email or password.]
at rahulshettyacademy.Tests.ErrorvalidationTest.Loginerrorvalidation(ErrorvalidationTest.java:20)
at java.base/java.util.ArrayList.forEach(ArrayList.java:1511)
... Removed 36 stack frames]]>
    </failure>
  </testcase> <!-- Loginerrorvalidation -->
  <testcase classname="rahulshettyacademy.Tests.ErrorvalidationTest" name="producterrorvalidation" time="14.167"/>
</testsuite> <!-- Surefire test -->
