<?xml version="1.0" encoding="UTF-8"?>
<!-- Generated by org.testng.reporters.JUnitXMLReporter -->
<testsuite ignored="0" hostname="DESKTOP-EOVDTGR" failures="1" tests="2" name="Error ValidationTest" time="21.702" errors="0" timestamp="2024-03-16T11:29:18 IST">
  <testcase classname="rahulshettyacademy.Tests.ErrorvalidationTest" name="Loginerrorvalidation" time="1.693">
    <failure type="java.lang.AssertionError" message="expected [Incorrect email  password.] but found [Incorrect email or password.]">
      <![CDATA[java.lang.AssertionError: expected [Incorrect email  password.] but found [Incorrect email or password.]
at rahulshettyacademy.Tests.ErrorvalidationTest.Loginerrorvalidation(ErrorvalidationTest.java:18)
at java.base/java.util.ArrayList.forEach(ArrayList.java:1511)
at java.base/java.util.concurrent.FutureTask.run(FutureTask.java:264)
at java.base/java.util.concurrent.ThreadPoolExecutor.runWorker(ThreadPoolExecutor.java:1136)
at java.base/java.util.concurrent.ThreadPoolExecutor$Worker.run(ThreadPoolExecutor.java:635)
at java.base/java.lang.Thread.run(Thread.java:833)
... Removed 23 stack frames]]>
    </failure>
  </testcase> <!-- Loginerrorvalidation -->
  <testcase classname="rahulshettyacademy.Tests.ErrorvalidationTest" name="producterrorvalidation" time="6.972"/>
</testsuite> <!-- Error ValidationTest -->
