<?xml version="1.0" encoding="UTF-8"?>
<!-- Generated by org.testng.reporters.JUnitXMLReporter -->
<testsuite ignored="0" hostname="DESKTOP-EOVDTGR" failures="0" tests="3" name="Stand Alone Test" time="33.287" errors="0" timestamp="2024-03-16T11:29:28 IST">
  <testcase classname="rahulshettyacademy.Tests.StandaloneTest2" name="submitorder" time="10.806"/>
  <testcase classname="rahulshettyacademy.Tests.StandaloneTest2" name="submitorder" time="9.691"/>
  <testcase classname="rahulshettyacademy.Tests.StandaloneTest2" name="orderconfirmation" time="0.808"/>
</testsuite> <!-- Stand Alone Test -->
