<?xml version="1.0" encoding="UTF-8"?>
<!-- Generated by org.testng.reporters.JUnitXMLReporter -->
<testsuite ignored="0" hostname="DESKTOP-EOVDTGR" failures="1" tests="2" name="Error ValidationTest" time="38.712" errors="0" timestamp="2024-03-16T14:23:39 IST">
  <testcase classname="rahulshettyacademy.Tests.ErrorvalidationTest" name="Loginerrorvalidation" time="1.261">
    <failure type="java.lang.AssertionError" message="expected [Incorrect email  password.] but found [Incorrect email or password.]">
      <![CDATA[java.lang.AssertionError: expected [Incorrect email  password.] but found [Incorrect email or password.]
at rahulshettyacademy.Tests.ErrorvalidationTest.Loginerrorvalidation(ErrorvalidationTest.java:20)
at java.base/java.util.ArrayList.forEach(ArrayList.java:1511)
at java.base/java.util.concurrent.FutureTask.run(FutureTask.java:317)
at java.base/java.util.concurrent.ThreadPoolExecutor.runWorker(ThreadPoolExecutor.java:1144)
at java.base/java.util.concurrent.ThreadPoolExecutor$Worker.run(ThreadPoolExecutor.java:642)
at java.base/java.lang.Thread.run(Thread.java:1623)
... Removed 21 stack frames]]>
    </failure>
  </testcase> <!-- Loginerrorvalidation -->
  <testcase classname="rahulshettyacademy.Tests.ErrorvalidationTest" name="producterrorvalidation" time="6.492"/>
</testsuite> <!-- Error ValidationTest -->
