<?xml version="1.0" encoding="UTF-8"?>
<!-- Generated by org.testng.reporters.JUnitXMLReporter -->
<testsuite ignored="0" hostname="DESKTOP-EOVDTGR" failures="0" tests="3" name="Stand Alone Test" time="52.945" errors="0" timestamp="2024-03-16T14:23:52 IST">
  <testcase classname="rahulshettyacademy.Tests.StandaloneTest2" name="submitorder" time="9.54"/>
  <testcase classname="rahulshettyacademy.Tests.StandaloneTest2" name="submitorder" time="8.361"/>
  <testcase classname="rahulshettyacademy.Tests.StandaloneTest2" name="orderconfirmation" time="0.949"/>
</testsuite> <!-- Stand Alone Test -->
