-------------------------------------------------------------------------------
Test set: TestSuite
-------------------------------------------------------------------------------
Tests run: 2, Failures: 1, Errors: 0, Skipped: 0, Time elapsed: 26.721 s <<< FAILURE! - in TestSuite
Loginerrorvalidation(rahulshettyacademy.Tests.ErrorvalidationTest)  Time elapsed: 0.937 s  <<< FAILURE!
java.lang.AssertionError: expected [Incorrect email  password.] but found [Incorrect email or password.]
	at rahulshettyacademy.Tests.ErrorvalidationTest.Loginerrorvalidation(ErrorvalidationTest.java:20)

